mode: set
github.com/Kellyyyy2333/bookings/internal/handlers/handlers.go:21.47,25.2 1 1
github.com/Kellyyyy2333/bookings/internal/handlers/handlers.go:27.33,29.2 1 1
github.com/Kellyyyy2333/bookings/internal/handlers/handlers.go:32.67,36.2 3 1
github.com/Kellyyyy2333/bookings/internal/handlers/handlers.go:39.68,48.2 5 1
github.com/Kellyyyy2333/bookings/internal/handlers/handlers.go:50.74,59.2 4 1
github.com/Kellyyyy2333/bookings/internal/handlers/handlers.go:61.78,63.16 2 1
github.com/Kellyyyy2333/bookings/internal/handlers/handlers.go:67.2,79.19 6 1
github.com/Kellyyyy2333/bookings/internal/handlers/handlers.go:90.2,91.65 2 0
github.com/Kellyyyy2333/bookings/internal/handlers/handlers.go:63.16,66.3 2 0
github.com/Kellyyyy2333/bookings/internal/handlers/handlers.go:79.19,88.3 4 1
github.com/Kellyyyy2333/bookings/internal/handlers/handlers.go:95.71,97.2 1 1
github.com/Kellyyyy2333/bookings/internal/handlers/handlers.go:99.69,101.2 1 1
github.com/Kellyyyy2333/bookings/internal/handlers/handlers.go:103.75,105.2 1 1
github.com/Kellyyyy2333/bookings/internal/handlers/handlers.go:107.79,112.2 3 1
github.com/Kellyyyy2333/bookings/internal/handlers/handlers.go:119.79,125.16 3 1
github.com/Kellyyyy2333/bookings/internal/handlers/handlers.go:129.2,130.14 2 1
github.com/Kellyyyy2333/bookings/internal/handlers/handlers.go:125.16,127.3 1 0
github.com/Kellyyyy2333/bookings/internal/handlers/handlers.go:133.70,135.2 1 1
github.com/Kellyyyy2333/bookings/internal/handlers/handlers.go:137.81,139.9 2 0
github.com/Kellyyyy2333/bookings/internal/handlers/handlers.go:146.2,152.4 4 0
github.com/Kellyyyy2333/bookings/internal/handlers/handlers.go:139.9,144.3 4 0
